<?xml version="1.0" encoding="UTF-8"?>
<!-- Generated by org.testng.reporters.JUnitReportReporter -->
<testsuite hostname="DESKTOP-K5QR6PC" failures="0" tests="4" name="SeleniumPractice.SeleniumHybridFrameworkNew.TC_SubmitOrderTest" time="12.261" errors="0" timestamp="2024-06-27T08:55:50 IST" skipped="0">
  <testcase classname="SeleniumPractice.SeleniumHybridFrameworkNew.TC_SubmitOrderTest" name="submitOrder" time="6.214"/>
  <system-out/>
  <testcase classname="SeleniumPractice.SeleniumHybridFrameworkNew.TC_SubmitOrderTest" name="orderHistoryTest" time="0.310"/>
  <system-out/>
  <testcase classname="SeleniumPractice.SeleniumHybridFrameworkNew.TC_SubmitOrderTest" name="submitOrder" time="5.078"/>
  <system-out/>
  <testcase classname="SeleniumPractice.SeleniumHybridFrameworkNew.TC_SubmitOrderTest" name="orderHistoryTest" time="0.659"/>
  <system-out/>
</testsuite> <!-- SeleniumPractice.SeleniumHybridFrameworkNew.TC_SubmitOrderTest -->
