<?xml version="1.0" encoding="UTF-8"?>
<!-- Generated by org.testng.reporters.JUnitReportReporter -->
<testsuite hostname="DESKTOP-K5QR6PC" failures="0" tests="3" name="SeleniumPractice.SeleniumHybridFrameworkNew.TC_CartPageTest" time="29.421" errors="0" timestamp="2024-06-27T08:55:50 IST" skipped="0">
  <testcase classname="SeleniumPractice.SeleniumHybridFrameworkNew.TC_CartPageTest" name="validateContinueShopping" time="0.860"/>
  <system-out/>
  <testcase classname="SeleniumPractice.SeleniumHybridFrameworkNew.TC_CartPageTest" name="validateTitle" time="2.309"/>
  <system-out/>
  <testcase classname="SeleniumPractice.SeleniumHybridFrameworkNew.TC_CartPageTest" name="validateMessageWhileNoProductExistsInCart" time="26.252"/>
  <system-out/>
</testsuite> <!-- SeleniumPractice.SeleniumHybridFrameworkNew.TC_CartPageTest -->
