<?xml version="1.0" encoding="UTF-8"?>
<!-- Generated by org.testng.reporters.JUnitReportReporter -->
<testsuite hostname="DESKTOP-K5QR6PC" failures="0" tests="2" name="SeleniumPractice.SeleniumHybridFrameworkNew.TC_CartPage" time="1.162" errors="0" timestamp="2024-06-26T23:37:10 IST" skipped="0">
  <testcase classname="SeleniumPractice.SeleniumHybridFrameworkNew.TC_CartPage" name="validateTitle" time="0.319"/>
  <system-out/>
  <testcase classname="SeleniumPractice.SeleniumHybridFrameworkNew.TC_CartPage" name="validateContinueShopping" time="0.843"/>
  <system-out/>
</testsuite> <!-- SeleniumPractice.SeleniumHybridFrameworkNew.TC_CartPage -->
