<?xml version="1.0" encoding="UTF-8"?>
<!-- Generated by org.testng.reporters.JUnitReportReporter -->
<testsuite hostname="DESKTOP-K5QR6PC" failures="0" tests="4" name="SeleniumPractice.SeleniumHybridFrameworkNew.SubmitOrderTest" time="10.519" errors="0" timestamp="2024-06-25T22:20:07 IST" skipped="0">
  <testcase classname="SeleniumPractice.SeleniumHybridFrameworkNew.SubmitOrderTest" name="submitOrder" time="3.990"/>
  <system-out/>
  <testcase classname="SeleniumPractice.SeleniumHybridFrameworkNew.SubmitOrderTest" name="submitOrder" time="5.561"/>
  <system-out/>
  <testcase classname="SeleniumPractice.SeleniumHybridFrameworkNew.SubmitOrderTest" name="orderHistoryTest" time="0.326"/>
  <system-out/>
  <testcase classname="SeleniumPractice.SeleniumHybridFrameworkNew.SubmitOrderTest" name="orderHistoryTest" time="0.642"/>
  <system-out/>
</testsuite> <!-- SeleniumPractice.SeleniumHybridFrameworkNew.SubmitOrderTest -->
