<?xml version="1.0" encoding="UTF-8"?>
<!-- Generated by org.testng.reporters.JUnitReportReporter -->
<testsuite hostname="DESKTOP-K5QR6PC" failures="0" tests="3" name="SeleniumPractice.SeleniumHybridFrameworkNew.TC_ProductCatalogueTest" time="4.540" errors="0" timestamp="2024-06-27T08:55:50 IST" skipped="0">
  <testcase classname="SeleniumPractice.SeleniumHybridFrameworkNew.TC_ProductCatalogueTest" name="checkProductAvailability" time="0.561"/>
  <system-out/>
  <testcase classname="SeleniumPractice.SeleniumHybridFrameworkNew.TC_ProductCatalogueTest" name="checkProductWithinGivenPriceRange" time="2.560"/>
  <system-out/>
  <testcase classname="SeleniumPractice.SeleniumHybridFrameworkNew.TC_ProductCatalogueTest" name="checkProductWithinInvalidPriceRange" time="1.419"/>
  <system-out/>
</testsuite> <!-- SeleniumPractice.SeleniumHybridFrameworkNew.TC_ProductCatalogueTest -->
