<?xml version="1.0" encoding="UTF-8"?>
<!-- Generated by org.testng.reporters.JUnitReportReporter -->
<testsuite hostname="DESKTOP-K5QR6PC" failures="0" tests="4" name="SeleniumPractice.SeleniumHybridFrameworkNew.TC_SubmitOrderTest" time="13.178" errors="0" timestamp="2024-07-03T23:41:21 IST" skipped="0">
  <testcase classname="SeleniumPractice.SeleniumHybridFrameworkNew.TC_SubmitOrderTest" name="orderHistoryTest" time="0.294"/>
  <testcase classname="SeleniumPractice.SeleniumHybridFrameworkNew.TC_SubmitOrderTest" name="submitOrder" time="6.923"/>
  <testcase classname="SeleniumPractice.SeleniumHybridFrameworkNew.TC_SubmitOrderTest" name="orderHistoryTest" time="0.375"/>
  <testcase classname="SeleniumPractice.SeleniumHybridFrameworkNew.TC_SubmitOrderTest" name="submitOrder" time="5.586"/>
</testsuite> <!-- SeleniumPractice.SeleniumHybridFrameworkNew.TC_SubmitOrderTest -->
