<?xml version="1.0" encoding="UTF-8"?>
<!-- Generated by org.testng.reporters.JUnitReportReporter -->
<testsuite hostname="DESKTOP-K5QR6PC" failures="0" tests="1" name="SeleniumPractice.SeleniumHybridFrameworkNew.TC_ProductCatalogueTest" time="3.527" errors="0" timestamp="2024-08-01T23:19:29 IST" skipped="0">
  <testcase classname="SeleniumPractice.SeleniumHybridFrameworkNew.TC_ProductCatalogueTest" name="checkProductAvailability" time="3.527"/>
  <system-out/>
</testsuite> <!-- SeleniumPractice.SeleniumHybridFrameworkNew.TC_ProductCatalogueTest -->
