<?xml version="1.0" encoding="UTF-8"?>
<!-- Generated by org.testng.reporters.JUnitReportReporter -->
<testsuite hostname="DESKTOP-K5QR6PC" failures="0" tests="4" name="SeleniumPractice.SeleniumHybridFrameworkNew.TC_SubmitOrderTest" time="15.646" errors="0" timestamp="2024-07-28T21:33:03 IST" skipped="0">
  <testcase classname="SeleniumPractice.SeleniumHybridFrameworkNew.TC_SubmitOrderTest" name="submitOrder" time="6.351"/>
  <testcase classname="SeleniumPractice.SeleniumHybridFrameworkNew.TC_SubmitOrderTest" name="submitOrder" time="8.358"/>
  <testcase classname="SeleniumPractice.SeleniumHybridFrameworkNew.TC_SubmitOrderTest" name="orderHistoryTest" time="0.672"/>
  <testcase classname="SeleniumPractice.SeleniumHybridFrameworkNew.TC_SubmitOrderTest" name="orderHistoryTest" time="0.265"/>
</testsuite> <!-- SeleniumPractice.SeleniumHybridFrameworkNew.TC_SubmitOrderTest -->
