<?xml version="1.0" encoding="UTF-8"?>
<!-- Generated by org.testng.reporters.JUnitReportReporter -->
<testsuite hostname="DESKTOP-K5QR6PC" failures="0" tests="2" name="SeleniumPractice.SeleniumHybridFrameworkNew.TC_CartPageTest" time="4.152" errors="0" timestamp="2024-07-03T23:45:57 IST" skipped="0">
  <testcase classname="SeleniumPractice.SeleniumHybridFrameworkNew.TC_CartPageTest" name="validateContinueShopping" time="1.252"/>
  <testcase classname="SeleniumPractice.SeleniumHybridFrameworkNew.TC_CartPageTest" name="validateTitle" time="2.900"/>
</testsuite> <!-- SeleniumPractice.SeleniumHybridFrameworkNew.TC_CartPageTest -->
