<?xml version="1.0" encoding="UTF-8"?>
<!-- Generated by org.testng.reporters.JUnitReportReporter -->
<testsuite hostname="DESKTOP-K5QR6PC" failures="0" tests="1" name="cucumberExe.TestNGTestRunner" time="12.202" errors="0" timestamp="2024-07-04T21:32:45 IST" skipped="0">
  <testcase classname="cucumberExe.TestNGTestRunner" name="runScenario" time="12.202"/>
</testsuite> <!-- cucumberExe.TestNGTestRunner -->
